ERROR - 2026-03-27 18:32:07 --> Error connecting to the database: mysqli_sql_exception: Unknown database 'slais' in C:\xampp\htdocs\sslais\system\Database\MySQLi\Connection.php:201
Stack trace:
#0 C:\xampp\htdocs\sslais\system\Database\MySQLi\Connection.php(201): mysqli->real_connect('localhost', 'root', Object(SensitiveParameterValue), 'slais', 3306, '', 0)
#1 C:\xampp\htdocs\sslais\system\Database\BaseConnection.php(421): CodeIgniter\Database\MySQLi\Connection->connect(false)
#2 C:\xampp\htdocs\sslais\system\Database\BaseConnection.php(620): CodeIgniter\Database\BaseConnection->initialize()
#3 C:\xampp\htdocs\sslais\app\Controllers\MyLogIn.php(56): CodeIgniter\Database\BaseConnection->query('select `usernam...')
#4 C:\xampp\htdocs\sslais\app\Controllers\MyLogIn.php(24): App\Controllers\MyLogIn->Verify_User('ADMIN-KYLE')
#5 C:\xampp\htdocs\sslais\system\CodeIgniter.php(933): App\Controllers\MyLogIn->auth()
#6 C:\xampp\htdocs\sslais\system\CodeIgniter.php(507): CodeIgniter\CodeIgniter->runController(Object(App\Controllers\MyLogIn))
#7 C:\xampp\htdocs\sslais\system\CodeIgniter.php(354): CodeIgniter\CodeIgniter->handleRequest(NULL, Object(Config\Cache), false)
#8 C:\xampp\htdocs\sslais\system\Boot.php(334): CodeIgniter\CodeIgniter->run()
#9 C:\xampp\htdocs\sslais\system\Boot.php(67): CodeIgniter\Boot::runCodeIgniter(Object(CodeIgniter\CodeIgniter))
#10 C:\xampp\htdocs\sslais\public\index.php(56): CodeIgniter\Boot::bootWeb(Object(Config\Paths))
#11 {main}

Next CodeIgniter\Database\Exceptions\DatabaseException: Unknown database 'slais' in C:\xampp\htdocs\sslais\system\Database\MySQLi\Connection.php:246
Stack trace:
#0 C:\xampp\htdocs\sslais\system\Database\BaseConnection.php(421): CodeIgniter\Database\MySQLi\Connection->connect(false)
#1 C:\xampp\htdocs\sslais\system\Database\BaseConnection.php(620): CodeIgniter\Database\BaseConnection->initialize()
#2 C:\xampp\htdocs\sslais\app\Controllers\MyLogIn.php(56): CodeIgniter\Database\BaseConnection->query('select `usernam...')
#3 C:\xampp\htdocs\sslais\app\Controllers\MyLogIn.php(24): App\Controllers\MyLogIn->Verify_User('ADMIN-KYLE')
#4 C:\xampp\htdocs\sslais\system\CodeIgniter.php(933): App\Controllers\MyLogIn->auth()
#5 C:\xampp\htdocs\sslais\system\CodeIgniter.php(507): CodeIgniter\CodeIgniter->runController(Object(App\Controllers\MyLogIn))
#6 C:\xampp\htdocs\sslais\system\CodeIgniter.php(354): CodeIgniter\CodeIgniter->handleRequest(NULL, Object(Config\Cache), false)
#7 C:\xampp\htdocs\sslais\system\Boot.php(334): CodeIgniter\CodeIgniter->run()
#8 C:\xampp\htdocs\sslais\system\Boot.php(67): CodeIgniter\Boot::runCodeIgniter(Object(CodeIgniter\CodeIgniter))
#9 C:\xampp\htdocs\sslais\public\index.php(56): CodeIgniter\Boot::bootWeb(Object(Config\Paths))
#10 {main}
CRITICAL - 2026-03-27 18:32:07 --> CodeIgniter\Database\Exceptions\DatabaseException: Unable to connect to the database.
Main connection [MySQLi]: Unknown database 'slais'
[Method: POST, Route: mylogin-auth]
in SYSTEMPATH\Database\BaseConnection.php on line 467.
 1 SYSTEMPATH\Database\BaseConnection.php(620): CodeIgniter\Database\BaseConnection->initialize()
 2 APPPATH\Controllers\MyLogIn.php(56): CodeIgniter\Database\BaseConnection->query('select `username`,`hash_password` FROM myua_user where username = \'ADMIN-KYLE\' limit 1 ')
 3 APPPATH\Controllers\MyLogIn.php(24): App\Controllers\MyLogIn->Verify_User('ADMIN-KYLE')
 4 SYSTEMPATH\CodeIgniter.php(933): App\Controllers\MyLogIn->auth()
 5 SYSTEMPATH\CodeIgniter.php(507): CodeIgniter\CodeIgniter->runController(Object(App\Controllers\MyLogIn))
 6 SYSTEMPATH\CodeIgniter.php(354): CodeIgniter\CodeIgniter->handleRequest(null, Object(Config\Cache), false)
 7 SYSTEMPATH\Boot.php(334): CodeIgniter\CodeIgniter->run()
 8 SYSTEMPATH\Boot.php(67): CodeIgniter\Boot::runCodeIgniter(Object(CodeIgniter\CodeIgniter))
 9 FCPATH\index.php(56): CodeIgniter\Boot::bootWeb(Object(Config\Paths))
CRITICAL - 2026-03-27 19:24:19 --> CodeIgniter\View\Exceptions\ViewException: Invalid file: "accounting/coa-main.php"
[Method: GET, Route: mycoa]
in SYSTEMPATH\Exceptions\FrameworkException.php on line 39.
 1 SYSTEMPATH\View\View.php(212): CodeIgniter\Exceptions\FrameworkException::forInvalidFile('accounting/coa-main.php')
 2 SYSTEMPATH\Common.php(1173): CodeIgniter\View\View->render('accounting/coa-main', [], true)
 3 APPPATH\Controllers\COAController.php(24): view('accounting/coa-main')
 4 SYSTEMPATH\CodeIgniter.php(933): App\Controllers\COAController->index()
 5 SYSTEMPATH\CodeIgniter.php(507): CodeIgniter\CodeIgniter->runController(Object(App\Controllers\COAController))
 6 SYSTEMPATH\CodeIgniter.php(354): CodeIgniter\CodeIgniter->handleRequest(null, Object(Config\Cache), false)
 7 SYSTEMPATH\Boot.php(334): CodeIgniter\CodeIgniter->run()
 8 SYSTEMPATH\Boot.php(67): CodeIgniter\Boot::runCodeIgniter(Object(CodeIgniter\CodeIgniter))
 9 FCPATH\index.php(56): CodeIgniter\Boot::bootWeb(Object(Config\Paths))
CRITICAL - 2026-03-27 20:08:38 --> ErrorException: Undefined variable $approved_by
[Method: GET, Route: myjournalentry]
in APPPATH\Views\accounting\journal-entry-main.php on line 174.
 1 APPPATH\Views\accounting\journal-entry-main.php(174): CodeIgniter\Debug\Exceptions->errorHandler(2, 'Undefined variable $approved_by', 'C:\\xampp\\htdocs\\sslais\\app\\Views\\accounting\\journal-entry-main.php', 174)
 2 SYSTEMPATH\View\View.php(224): include('C:\\xampp\\htdocs\\sslais\\app\\Views\\accounting\\journal-entry-main.php')
 3 SYSTEMPATH\View\View.php(227): CodeIgniter\View\View->CodeIgniter\View\{closure}()
 4 SYSTEMPATH\Common.php(1173): CodeIgniter\View\View->render('accounting/journal-entry-main', [], true)
 5 APPPATH\Controllers\JournalEntryController.php(24): view('accounting/journal-entry-main')
 6 SYSTEMPATH\CodeIgniter.php(933): App\Controllers\JournalEntryController->index()
 7 SYSTEMPATH\CodeIgniter.php(507): CodeIgniter\CodeIgniter->runController(Object(App\Controllers\JournalEntryController))
 8 SYSTEMPATH\CodeIgniter.php(354): CodeIgniter\CodeIgniter->handleRequest(null, Object(Config\Cache), false)
 9 SYSTEMPATH\Boot.php(334): CodeIgniter\CodeIgniter->run()
10 SYSTEMPATH\Boot.php(67): CodeIgniter\Boot::runCodeIgniter(Object(CodeIgniter\CodeIgniter))
11 FCPATH\index.php(56): CodeIgniter\Boot::bootWeb(Object(Config\Paths))
ERROR - 2026-03-27 20:52:27 --> mysqli_sql_exception: Unknown column 'updated_by' in 'field list' in C:\xampp\htdocs\sslais\system\Database\MySQLi\Connection.php:327
Stack trace:
#0 C:\xampp\htdocs\sslais\system\Database\MySQLi\Connection.php(327): mysqli->query('\r\n\t\t\t\tUPDATE `t...', 0)
#1 C:\xampp\htdocs\sslais\system\Database\BaseConnection.php(738): CodeIgniter\Database\MySQLi\Connection->execute('\r\n\t\t\t\tUPDATE `t...')
#2 C:\xampp\htdocs\sslais\system\Database\BaseConnection.php(652): CodeIgniter\Database\BaseConnection->simpleQuery('\r\n\t\t\t\tUPDATE `t...')
#3 C:\xampp\htdocs\sslais\app\Models\JournalEntryModel.php(92): CodeIgniter\Database\BaseConnection->query('\r\n\t\t\t\tUPDATE `t...', Array)
#4 C:\xampp\htdocs\sslais\app\Controllers\JournalEntryController.php(28): App\Models\JournalEntryModel->journalentry_save()
#5 C:\xampp\htdocs\sslais\system\CodeIgniter.php(933): App\Controllers\JournalEntryController->index()
#6 C:\xampp\htdocs\sslais\system\CodeIgniter.php(507): CodeIgniter\CodeIgniter->runController(Object(App\Controllers\JournalEntryController))
#7 C:\xampp\htdocs\sslais\system\CodeIgniter.php(354): CodeIgniter\CodeIgniter->handleRequest(NULL, Object(Config\Cache), false)
#8 C:\xampp\htdocs\sslais\system\Boot.php(334): CodeIgniter\CodeIgniter->run()
#9 C:\xampp\htdocs\sslais\system\Boot.php(67): CodeIgniter\Boot::runCodeIgniter(Object(CodeIgniter\CodeIgniter))
#10 C:\xampp\htdocs\sslais\public\index.php(56): CodeIgniter\Boot::bootWeb(Object(Config\Paths))
#11 {main}
CRITICAL - 2026-03-27 20:52:27 --> CodeIgniter\Database\Exceptions\DatabaseException: Unknown column 'updated_by' in 'field list'
[Method: POST, Route: myjournalentry]
in SYSTEMPATH\Database\BaseConnection.php on line 692.
 1 APPPATH\Models\JournalEntryModel.php(92): CodeIgniter\Database\BaseConnection->query('
				UPDATE `tbl_journal` SET
					`journal_no`   = ?,
					`posting_date` = ?,
					`reference_no` = ?,
					`journal_type` = ?,
					`remarks`      = ?,
					`status`       = ?,
					`approved_by`  = ?,
					`updated_by`   = ?
				WHERE `journal_id` = ?
			', [...])
 2 APPPATH\Controllers\JournalEntryController.php(28): App\Models\JournalEntryModel->journalentry_save()
 3 SYSTEMPATH\CodeIgniter.php(933): App\Controllers\JournalEntryController->index()
 4 SYSTEMPATH\CodeIgniter.php(507): CodeIgniter\CodeIgniter->runController(Object(App\Controllers\JournalEntryController))
 5 SYSTEMPATH\CodeIgniter.php(354): CodeIgniter\CodeIgniter->handleRequest(null, Object(Config\Cache), false)
 6 SYSTEMPATH\Boot.php(334): CodeIgniter\CodeIgniter->run()
 7 SYSTEMPATH\Boot.php(67): CodeIgniter\Boot::runCodeIgniter(Object(CodeIgniter\CodeIgniter))
 8 FCPATH\index.php(56): CodeIgniter\Boot::bootWeb(Object(Config\Paths))
CRITICAL - 2026-03-27 20:52:27 --> [Caused by] CodeIgniter\Database\Exceptions\DatabaseException: Unknown column 'updated_by' in 'field list'
in SYSTEMPATH\Database\MySQLi\Connection.php on line 332.
 1 SYSTEMPATH\Database\BaseConnection.php(738): CodeIgniter\Database\MySQLi\Connection->execute('
				UPDATE `tbl_journal` SET
					`journal_no`   = \'TEST\',
					`posting_date` = \'2026-03-27\',
					`reference_no` = \'OR-29103SI\',
					`journal_type` = \'Cash Receipt\',
					`remarks`      = \'TES\',
					`status`       = \'Draft\',
					`approved_by`  = \'TES\',
					`updated_by`   = \'ADMIN-KYLE\'
				WHERE `journal_id` = \'\'
			')
 2 SYSTEMPATH\Database\BaseConnection.php(652): CodeIgniter\Database\BaseConnection->simpleQuery('
				UPDATE `tbl_journal` SET
					`journal_no`   = \'TEST\',
					`posting_date` = \'2026-03-27\',
					`reference_no` = \'OR-29103SI\',
					`journal_type` = \'Cash Receipt\',
					`remarks`      = \'TES\',
					`status`       = \'Draft\',
					`approved_by`  = \'TES\',
					`updated_by`   = \'ADMIN-KYLE\'
				WHERE `journal_id` = \'\'
			')
 3 APPPATH\Models\JournalEntryModel.php(92): CodeIgniter\Database\BaseConnection->query('
				UPDATE `tbl_journal` SET
					`journal_no`   = ?,
					`posting_date` = ?,
					`reference_no` = ?,
					`journal_type` = ?,
					`remarks`      = ?,
					`status`       = ?,
					`approved_by`  = ?,
					`updated_by`   = ?
				WHERE `journal_id` = ?
			', [...])
 4 APPPATH\Controllers\JournalEntryController.php(28): App\Models\JournalEntryModel->journalentry_save()
 5 SYSTEMPATH\CodeIgniter.php(933): App\Controllers\JournalEntryController->index()
 6 SYSTEMPATH\CodeIgniter.php(507): CodeIgniter\CodeIgniter->runController(Object(App\Controllers\JournalEntryController))
 7 SYSTEMPATH\CodeIgniter.php(354): CodeIgniter\CodeIgniter->handleRequest(null, Object(Config\Cache), false)
 8 SYSTEMPATH\Boot.php(334): CodeIgniter\CodeIgniter->run()
 9 SYSTEMPATH\Boot.php(67): CodeIgniter\Boot::runCodeIgniter(Object(CodeIgniter\CodeIgniter))
10 FCPATH\index.php(56): CodeIgniter\Boot::bootWeb(Object(Config\Paths))
CRITICAL - 2026-03-27 20:52:27 --> [Caused by] mysqli_sql_exception: Unknown column 'updated_by' in 'field list'
in SYSTEMPATH\Database\MySQLi\Connection.php on line 327.
 1 SYSTEMPATH\Database\MySQLi\Connection.php(327): mysqli->query('
				UPDATE `tbl_journal` SET
					`journal_no`   = \'TEST\',
					`posting_date` = \'2026-03-27\',
					`reference_no` = \'OR-29103SI\',
					`journal_type` = \'Cash Receipt\',
					`remarks`      = \'TES\',
					`status`       = \'Draft\',
					`approved_by`  = \'TES\',
					`updated_by`   = \'ADMIN-KYLE\'
				WHERE `journal_id` = \'\'
			', 0)
 2 SYSTEMPATH\Database\BaseConnection.php(738): CodeIgniter\Database\MySQLi\Connection->execute('
				UPDATE `tbl_journal` SET
					`journal_no`   = \'TEST\',
					`posting_date` = \'2026-03-27\',
					`reference_no` = \'OR-29103SI\',
					`journal_type` = \'Cash Receipt\',
					`remarks`      = \'TES\',
					`status`       = \'Draft\',
					`approved_by`  = \'TES\',
					`updated_by`   = \'ADMIN-KYLE\'
				WHERE `journal_id` = \'\'
			')
 3 SYSTEMPATH\Database\BaseConnection.php(652): CodeIgniter\Database\BaseConnection->simpleQuery('
				UPDATE `tbl_journal` SET
					`journal_no`   = \'TEST\',
					`posting_date` = \'2026-03-27\',
					`reference_no` = \'OR-29103SI\',
					`journal_type` = \'Cash Receipt\',
					`remarks`      = \'TES\',
					`status`       = \'Draft\',
					`approved_by`  = \'TES\',
					`updated_by`   = \'ADMIN-KYLE\'
				WHERE `journal_id` = \'\'
			')
 4 APPPATH\Models\JournalEntryModel.php(92): CodeIgniter\Database\BaseConnection->query('
				UPDATE `tbl_journal` SET
					`journal_no`   = ?,
					`posting_date` = ?,
					`reference_no` = ?,
					`journal_type` = ?,
					`remarks`      = ?,
					`status`       = ?,
					`approved_by`  = ?,
					`updated_by`   = ?
				WHERE `journal_id` = ?
			', [...])
 5 APPPATH\Controllers\JournalEntryController.php(28): App\Models\JournalEntryModel->journalentry_save()
 6 SYSTEMPATH\CodeIgniter.php(933): App\Controllers\JournalEntryController->index()
 7 SYSTEMPATH\CodeIgniter.php(507): CodeIgniter\CodeIgniter->runController(Object(App\Controllers\JournalEntryController))
 8 SYSTEMPATH\CodeIgniter.php(354): CodeIgniter\CodeIgniter->handleRequest(null, Object(Config\Cache), false)
 9 SYSTEMPATH\Boot.php(334): CodeIgniter\CodeIgniter->run()
10 SYSTEMPATH\Boot.php(67): CodeIgniter\Boot::runCodeIgniter(Object(CodeIgniter\CodeIgniter))
11 FCPATH\index.php(56): CodeIgniter\Boot::bootWeb(Object(Config\Paths))
ERROR - 2026-03-27 20:53:32 --> mysqli_sql_exception: Unknown column 'added_by' in 'field list' in C:\xampp\htdocs\sslais\system\Database\MySQLi\Connection.php:327
Stack trace:
#0 C:\xampp\htdocs\sslais\system\Database\MySQLi\Connection.php(327): mysqli->query('\r\n\t\t\t\t\t\tINSERT ...', 0)
#1 C:\xampp\htdocs\sslais\system\Database\BaseConnection.php(738): CodeIgniter\Database\MySQLi\Connection->execute('\r\n\t\t\t\t\t\tINSERT ...')
#2 C:\xampp\htdocs\sslais\system\Database\BaseConnection.php(652): CodeIgniter\Database\BaseConnection->simpleQuery('\r\n\t\t\t\t\t\tINSERT ...')
#3 C:\xampp\htdocs\sslais\app\Models\JournalEntryModel.php(65): CodeIgniter\Database\BaseConnection->query('\r\n\t\t\t\t\t\tINSERT ...', Array)
#4 C:\xampp\htdocs\sslais\app\Controllers\JournalEntryController.php(28): App\Models\JournalEntryModel->journalentry_save()
#5 C:\xampp\htdocs\sslais\system\CodeIgniter.php(933): App\Controllers\JournalEntryController->index()
#6 C:\xampp\htdocs\sslais\system\CodeIgniter.php(507): CodeIgniter\CodeIgniter->runController(Object(App\Controllers\JournalEntryController))
#7 C:\xampp\htdocs\sslais\system\CodeIgniter.php(354): CodeIgniter\CodeIgniter->handleRequest(NULL, Object(Config\Cache), false)
#8 C:\xampp\htdocs\sslais\system\Boot.php(334): CodeIgniter\CodeIgniter->run()
#9 C:\xampp\htdocs\sslais\system\Boot.php(67): CodeIgniter\Boot::runCodeIgniter(Object(CodeIgniter\CodeIgniter))
#10 C:\xampp\htdocs\sslais\public\index.php(56): CodeIgniter\Boot::bootWeb(Object(Config\Paths))
#11 {main}
CRITICAL - 2026-03-27 20:53:32 --> CodeIgniter\Database\Exceptions\DatabaseException: Unknown column 'added_by' in 'field list'
[Method: POST, Route: myjournalentry]
in SYSTEMPATH\Database\BaseConnection.php on line 692.
 1 APPPATH\Models\JournalEntryModel.php(65): CodeIgniter\Database\BaseConnection->query('
						INSERT INTO tbl_journal_details (
							`journal_id`,
							`account_code`,
							`account_name`,
							`debit_amount`,
							`credit_amount`,
							`description`,
							`cost_center`,
							`added_by`
						) VALUES (?, ?, ?, ?, ?, ?, ?, ?)
					', [...])
 2 APPPATH\Controllers\JournalEntryController.php(28): App\Models\JournalEntryModel->journalentry_save()
 3 SYSTEMPATH\CodeIgniter.php(933): App\Controllers\JournalEntryController->index()
 4 SYSTEMPATH\CodeIgniter.php(507): CodeIgniter\CodeIgniter->runController(Object(App\Controllers\JournalEntryController))
 5 SYSTEMPATH\CodeIgniter.php(354): CodeIgniter\CodeIgniter->handleRequest(null, Object(Config\Cache), false)
 6 SYSTEMPATH\Boot.php(334): CodeIgniter\CodeIgniter->run()
 7 SYSTEMPATH\Boot.php(67): CodeIgniter\Boot::runCodeIgniter(Object(CodeIgniter\CodeIgniter))
 8 FCPATH\index.php(56): CodeIgniter\Boot::bootWeb(Object(Config\Paths))
CRITICAL - 2026-03-27 20:53:32 --> [Caused by] CodeIgniter\Database\Exceptions\DatabaseException: Unknown column 'added_by' in 'field list'
in SYSTEMPATH\Database\MySQLi\Connection.php on line 332.
 1 SYSTEMPATH\Database\BaseConnection.php(738): CodeIgniter\Database\MySQLi\Connection->execute('
						INSERT INTO tbl_journal_details (
							`journal_id`,
							`account_code`,
							`account_name`,
							`debit_amount`,
							`credit_amount`,
							`description`,
							`cost_center`,
							`added_by`
						) VALUES (1, \'1001\', \'CASH\', \'1000\', \'\', \'TTEST\', \'TES\', \'ADMIN-KYLE\')
					')
 2 SYSTEMPATH\Database\BaseConnection.php(652): CodeIgniter\Database\BaseConnection->simpleQuery('
						INSERT INTO tbl_journal_details (
							`journal_id`,
							`account_code`,
							`account_name`,
							`debit_amount`,
							`credit_amount`,
							`description`,
							`cost_center`,
							`added_by`
						) VALUES (1, \'1001\', \'CASH\', \'1000\', \'\', \'TTEST\', \'TES\', \'ADMIN-KYLE\')
					')
 3 APPPATH\Models\JournalEntryModel.php(65): CodeIgniter\Database\BaseConnection->query('
						INSERT INTO tbl_journal_details (
							`journal_id`,
							`account_code`,
							`account_name`,
							`debit_amount`,
							`credit_amount`,
							`description`,
							`cost_center`,
							`added_by`
						) VALUES (?, ?, ?, ?, ?, ?, ?, ?)
					', [...])
 4 APPPATH\Controllers\JournalEntryController.php(28): App\Models\JournalEntryModel->journalentry_save()
 5 SYSTEMPATH\CodeIgniter.php(933): App\Controllers\JournalEntryController->index()
 6 SYSTEMPATH\CodeIgniter.php(507): CodeIgniter\CodeIgniter->runController(Object(App\Controllers\JournalEntryController))
 7 SYSTEMPATH\CodeIgniter.php(354): CodeIgniter\CodeIgniter->handleRequest(null, Object(Config\Cache), false)
 8 SYSTEMPATH\Boot.php(334): CodeIgniter\CodeIgniter->run()
 9 SYSTEMPATH\Boot.php(67): CodeIgniter\Boot::runCodeIgniter(Object(CodeIgniter\CodeIgniter))
10 FCPATH\index.php(56): CodeIgniter\Boot::bootWeb(Object(Config\Paths))
CRITICAL - 2026-03-27 20:53:32 --> [Caused by] mysqli_sql_exception: Unknown column 'added_by' in 'field list'
in SYSTEMPATH\Database\MySQLi\Connection.php on line 327.
 1 SYSTEMPATH\Database\MySQLi\Connection.php(327): mysqli->query('
						INSERT INTO tbl_journal_details (
							`journal_id`,
							`account_code`,
							`account_name`,
							`debit_amount`,
							`credit_amount`,
							`description`,
							`cost_center`,
							`added_by`
						) VALUES (1, \'1001\', \'CASH\', \'1000\', \'\', \'TTEST\', \'TES\', \'ADMIN-KYLE\')
					', 0)
 2 SYSTEMPATH\Database\BaseConnection.php(738): CodeIgniter\Database\MySQLi\Connection->execute('
						INSERT INTO tbl_journal_details (
							`journal_id`,
							`account_code`,
							`account_name`,
							`debit_amount`,
							`credit_amount`,
							`description`,
							`cost_center`,
							`added_by`
						) VALUES (1, \'1001\', \'CASH\', \'1000\', \'\', \'TTEST\', \'TES\', \'ADMIN-KYLE\')
					')
 3 SYSTEMPATH\Database\BaseConnection.php(652): CodeIgniter\Database\BaseConnection->simpleQuery('
						INSERT INTO tbl_journal_details (
							`journal_id`,
							`account_code`,
							`account_name`,
							`debit_amount`,
							`credit_amount`,
							`description`,
							`cost_center`,
							`added_by`
						) VALUES (1, \'1001\', \'CASH\', \'1000\', \'\', \'TTEST\', \'TES\', \'ADMIN-KYLE\')
					')
 4 APPPATH\Models\JournalEntryModel.php(65): CodeIgniter\Database\BaseConnection->query('
						INSERT INTO tbl_journal_details (
							`journal_id`,
							`account_code`,
							`account_name`,
							`debit_amount`,
							`credit_amount`,
							`description`,
							`cost_center`,
							`added_by`
						) VALUES (?, ?, ?, ?, ?, ?, ?, ?)
					', [...])
 5 APPPATH\Controllers\JournalEntryController.php(28): App\Models\JournalEntryModel->journalentry_save()
 6 SYSTEMPATH\CodeIgniter.php(933): App\Controllers\JournalEntryController->index()
 7 SYSTEMPATH\CodeIgniter.php(507): CodeIgniter\CodeIgniter->runController(Object(App\Controllers\JournalEntryController))
 8 SYSTEMPATH\CodeIgniter.php(354): CodeIgniter\CodeIgniter->handleRequest(null, Object(Config\Cache), false)
 9 SYSTEMPATH\Boot.php(334): CodeIgniter\CodeIgniter->run()
10 SYSTEMPATH\Boot.php(67): CodeIgniter\Boot::runCodeIgniter(Object(CodeIgniter\CodeIgniter))
11 FCPATH\index.php(56): CodeIgniter\Boot::bootWeb(Object(Config\Paths))
ERROR - 2026-03-27 21:00:40 --> mysqli_sql_exception: You have an error in your SQL syntax; check the manual that corresponds to your MariaDB server version for the right syntax to use near '?,
					`posting_date` = ?,
					`reference_no` = ?,
					`journal_type` =...' at line 2 in C:\xampp\htdocs\sslais\system\Database\MySQLi\Connection.php:327
Stack trace:
#0 C:\xampp\htdocs\sslais\system\Database\MySQLi\Connection.php(327): mysqli->query('\r\n\t\t\t\tUPDATE `t...', 0)
#1 C:\xampp\htdocs\sslais\system\Database\BaseConnection.php(738): CodeIgniter\Database\MySQLi\Connection->execute('\r\n\t\t\t\tUPDATE `t...')
#2 C:\xampp\htdocs\sslais\system\Database\BaseConnection.php(652): CodeIgniter\Database\BaseConnection->simpleQuery('\r\n\t\t\t\tUPDATE `t...')
#3 C:\xampp\htdocs\sslais\app\Models\JournalEntryModel.php(105): CodeIgniter\Database\BaseConnection->query('\r\n\t\t\t\tUPDATE `t...', Array)
#4 C:\xampp\htdocs\sslais\app\Controllers\JournalEntryController.php(28): App\Models\JournalEntryModel->journalentry_save()
#5 C:\xampp\htdocs\sslais\system\CodeIgniter.php(933): App\Controllers\JournalEntryController->index()
#6 C:\xampp\htdocs\sslais\system\CodeIgniter.php(507): CodeIgniter\CodeIgniter->runController(Object(App\Controllers\JournalEntryController))
#7 C:\xampp\htdocs\sslais\system\CodeIgniter.php(354): CodeIgniter\CodeIgniter->handleRequest(NULL, Object(Config\Cache), false)
#8 C:\xampp\htdocs\sslais\system\Boot.php(334): CodeIgniter\CodeIgniter->run()
#9 C:\xampp\htdocs\sslais\system\Boot.php(67): CodeIgniter\Boot::runCodeIgniter(Object(CodeIgniter\CodeIgniter))
#10 C:\xampp\htdocs\sslais\public\index.php(56): CodeIgniter\Boot::bootWeb(Object(Config\Paths))
#11 {main}
CRITICAL - 2026-03-27 21:00:40 --> CodeIgniter\Database\Exceptions\DatabaseException: You have an error in your SQL syntax; check the manual that corresponds to your MariaDB server version for the right syntax to use near '?,
					`posting_date` = ?,
					`reference_no` = ?,
					`journal_type` =...' at line 2
[Method: POST, Route: myjournalentry]
in SYSTEMPATH\Database\BaseConnection.php on line 692.
 1 APPPATH\Models\JournalEntryModel.php(105): CodeIgniter\Database\BaseConnection->query('
				UPDATE `tbl_journal` SET
					`journal_no`   = ?,
					`posting_date` = ?,
					`reference_no` = ?,
					`journal_type` = ?,
					`remarks`      = ?,
					`status`       = ?,
					`approved_by`  = ?
				WHERE `journal_id` = ?
			', [...])
 2 APPPATH\Controllers\JournalEntryController.php(28): App\Models\JournalEntryModel->journalentry_save()
 3 SYSTEMPATH\CodeIgniter.php(933): App\Controllers\JournalEntryController->index()
 4 SYSTEMPATH\CodeIgniter.php(507): CodeIgniter\CodeIgniter->runController(Object(App\Controllers\JournalEntryController))
 5 SYSTEMPATH\CodeIgniter.php(354): CodeIgniter\CodeIgniter->handleRequest(null, Object(Config\Cache), false)
 6 SYSTEMPATH\Boot.php(334): CodeIgniter\CodeIgniter->run()
 7 SYSTEMPATH\Boot.php(67): CodeIgniter\Boot::runCodeIgniter(Object(CodeIgniter\CodeIgniter))
 8 FCPATH\index.php(56): CodeIgniter\Boot::bootWeb(Object(Config\Paths))
CRITICAL - 2026-03-27 21:00:40 --> [Caused by] CodeIgniter\Database\Exceptions\DatabaseException: You have an error in your SQL syntax; check the manual that corresponds to your MariaDB server version for the right syntax to use near '?,
					`posting_date` = ?,
					`reference_no` = ?,
					`journal_type` =...' at line 2
in SYSTEMPATH\Database\MySQLi\Connection.php on line 332.
 1 SYSTEMPATH\Database\BaseConnection.php(738): CodeIgniter\Database\MySQLi\Connection->execute('
				UPDATE `tbl_journal` SET
					`journal_no`   = ?,
					`posting_date` = ?,
					`reference_no` = ?,
					`journal_type` = ?,
					`remarks`      = ?,
					`status`       = ?,
					`approved_by`  = ?
				WHERE `journal_id` = ?
			')
 2 SYSTEMPATH\Database\BaseConnection.php(652): CodeIgniter\Database\BaseConnection->simpleQuery('
				UPDATE `tbl_journal` SET
					`journal_no`   = ?,
					`posting_date` = ?,
					`reference_no` = ?,
					`journal_type` = ?,
					`remarks`      = ?,
					`status`       = ?,
					`approved_by`  = ?
				WHERE `journal_id` = ?
			')
 3 APPPATH\Models\JournalEntryModel.php(105): CodeIgniter\Database\BaseConnection->query('
				UPDATE `tbl_journal` SET
					`journal_no`   = ?,
					`posting_date` = ?,
					`reference_no` = ?,
					`journal_type` = ?,
					`remarks`      = ?,
					`status`       = ?,
					`approved_by`  = ?
				WHERE `journal_id` = ?
			', [...])
 4 APPPATH\Controllers\JournalEntryController.php(28): App\Models\JournalEntryModel->journalentry_save()
 5 SYSTEMPATH\CodeIgniter.php(933): App\Controllers\JournalEntryController->index()
 6 SYSTEMPATH\CodeIgniter.php(507): CodeIgniter\CodeIgniter->runController(Object(App\Controllers\JournalEntryController))
 7 SYSTEMPATH\CodeIgniter.php(354): CodeIgniter\CodeIgniter->handleRequest(null, Object(Config\Cache), false)
 8 SYSTEMPATH\Boot.php(334): CodeIgniter\CodeIgniter->run()
 9 SYSTEMPATH\Boot.php(67): CodeIgniter\Boot::runCodeIgniter(Object(CodeIgniter\CodeIgniter))
10 FCPATH\index.php(56): CodeIgniter\Boot::bootWeb(Object(Config\Paths))
CRITICAL - 2026-03-27 21:00:40 --> [Caused by] mysqli_sql_exception: You have an error in your SQL syntax; check the manual that corresponds to your MariaDB server version for the right syntax to use near '?,
					`posting_date` = ?,
					`reference_no` = ?,
					`journal_type` =...' at line 2
in SYSTEMPATH\Database\MySQLi\Connection.php on line 327.
 1 SYSTEMPATH\Database\MySQLi\Connection.php(327): mysqli->query('
				UPDATE `tbl_journal` SET
					`journal_no`   = ?,
					`posting_date` = ?,
					`reference_no` = ?,
					`journal_type` = ?,
					`remarks`      = ?,
					`status`       = ?,
					`approved_by`  = ?
				WHERE `journal_id` = ?
			', 0)
 2 SYSTEMPATH\Database\BaseConnection.php(738): CodeIgniter\Database\MySQLi\Connection->execute('
				UPDATE `tbl_journal` SET
					`journal_no`   = ?,
					`posting_date` = ?,
					`reference_no` = ?,
					`journal_type` = ?,
					`remarks`      = ?,
					`status`       = ?,
					`approved_by`  = ?
				WHERE `journal_id` = ?
			')
 3 SYSTEMPATH\Database\BaseConnection.php(652): CodeIgniter\Database\BaseConnection->simpleQuery('
				UPDATE `tbl_journal` SET
					`journal_no`   = ?,
					`posting_date` = ?,
					`reference_no` = ?,
					`journal_type` = ?,
					`remarks`      = ?,
					`status`       = ?,
					`approved_by`  = ?
				WHERE `journal_id` = ?
			')
 4 APPPATH\Models\JournalEntryModel.php(105): CodeIgniter\Database\BaseConnection->query('
				UPDATE `tbl_journal` SET
					`journal_no`   = ?,
					`posting_date` = ?,
					`reference_no` = ?,
					`journal_type` = ?,
					`remarks`      = ?,
					`status`       = ?,
					`approved_by`  = ?
				WHERE `journal_id` = ?
			', [...])
 5 APPPATH\Controllers\JournalEntryController.php(28): App\Models\JournalEntryModel->journalentry_save()
 6 SYSTEMPATH\CodeIgniter.php(933): App\Controllers\JournalEntryController->index()
 7 SYSTEMPATH\CodeIgniter.php(507): CodeIgniter\CodeIgniter->runController(Object(App\Controllers\JournalEntryController))
 8 SYSTEMPATH\CodeIgniter.php(354): CodeIgniter\CodeIgniter->handleRequest(null, Object(Config\Cache), false)
 9 SYSTEMPATH\Boot.php(334): CodeIgniter\CodeIgniter->run()
10 SYSTEMPATH\Boot.php(67): CodeIgniter\Boot::runCodeIgniter(Object(CodeIgniter\CodeIgniter))
11 FCPATH\index.php(56): CodeIgniter\Boot::bootWeb(Object(Config\Paths))
ERROR - 2026-03-27 21:02:03 --> mysqli_sql_exception: Unknown column 'added_by' in 'field list' in C:\xampp\htdocs\sslais\system\Database\MySQLi\Connection.php:327
Stack trace:
#0 C:\xampp\htdocs\sslais\system\Database\MySQLi\Connection.php(327): mysqli->query('\r\n\t\t\t\t\t\tINSERT ...', 0)
#1 C:\xampp\htdocs\sslais\system\Database\BaseConnection.php(738): CodeIgniter\Database\MySQLi\Connection->execute('\r\n\t\t\t\t\t\tINSERT ...')
#2 C:\xampp\htdocs\sslais\system\Database\BaseConnection.php(652): CodeIgniter\Database\BaseConnection->simpleQuery('\r\n\t\t\t\t\t\tINSERT ...')
#3 C:\xampp\htdocs\sslais\app\Models\JournalEntryModel.php(140): CodeIgniter\Database\BaseConnection->query('\r\n\t\t\t\t\t\tINSERT ...', Array)
#4 C:\xampp\htdocs\sslais\app\Controllers\JournalEntryController.php(28): App\Models\JournalEntryModel->journalentry_save()
#5 C:\xampp\htdocs\sslais\system\CodeIgniter.php(933): App\Controllers\JournalEntryController->index()
#6 C:\xampp\htdocs\sslais\system\CodeIgniter.php(507): CodeIgniter\CodeIgniter->runController(Object(App\Controllers\JournalEntryController))
#7 C:\xampp\htdocs\sslais\system\CodeIgniter.php(354): CodeIgniter\CodeIgniter->handleRequest(NULL, Object(Config\Cache), false)
#8 C:\xampp\htdocs\sslais\system\Boot.php(334): CodeIgniter\CodeIgniter->run()
#9 C:\xampp\htdocs\sslais\system\Boot.php(67): CodeIgniter\Boot::runCodeIgniter(Object(CodeIgniter\CodeIgniter))
#10 C:\xampp\htdocs\sslais\public\index.php(56): CodeIgniter\Boot::bootWeb(Object(Config\Paths))
#11 {main}
CRITICAL - 2026-03-27 21:02:03 --> CodeIgniter\Database\Exceptions\DatabaseException: Unknown column 'added_by' in 'field list'
[Method: POST, Route: myjournalentry]
in SYSTEMPATH\Database\BaseConnection.php on line 692.
 1 APPPATH\Models\JournalEntryModel.php(140): CodeIgniter\Database\BaseConnection->query('
						INSERT INTO tbl_journal_details (
							`journal_id`,
							`account_code`,
							`account_name`,
							`debit_amount`,
							`credit_amount`,
							`description`,
							`cost_center`,
							`added_by`
						) VALUES (?, ?, ?, ?, ?, ?, ?, ?)
					', [...])
 2 APPPATH\Controllers\JournalEntryController.php(28): App\Models\JournalEntryModel->journalentry_save()
 3 SYSTEMPATH\CodeIgniter.php(933): App\Controllers\JournalEntryController->index()
 4 SYSTEMPATH\CodeIgniter.php(507): CodeIgniter\CodeIgniter->runController(Object(App\Controllers\JournalEntryController))
 5 SYSTEMPATH\CodeIgniter.php(354): CodeIgniter\CodeIgniter->handleRequest(null, Object(Config\Cache), false)
 6 SYSTEMPATH\Boot.php(334): CodeIgniter\CodeIgniter->run()
 7 SYSTEMPATH\Boot.php(67): CodeIgniter\Boot::runCodeIgniter(Object(CodeIgniter\CodeIgniter))
 8 FCPATH\index.php(56): CodeIgniter\Boot::bootWeb(Object(Config\Paths))
CRITICAL - 2026-03-27 21:02:03 --> [Caused by] CodeIgniter\Database\Exceptions\DatabaseException: Unknown column 'added_by' in 'field list'
in SYSTEMPATH\Database\MySQLi\Connection.php on line 332.
 1 SYSTEMPATH\Database\BaseConnection.php(738): CodeIgniter\Database\MySQLi\Connection->execute('
						INSERT INTO tbl_journal_details (
							`journal_id`,
							`account_code`,
							`account_name`,
							`debit_amount`,
							`credit_amount`,
							`description`,
							`cost_center`,
							`added_by`
						) VALUES (\'2\', \'1001\', \'CASH\', \'1000.00\', \'0.00\', \'TTEST\', \'TES\', \'ADMIN-KYLE\')
					')
 2 SYSTEMPATH\Database\BaseConnection.php(652): CodeIgniter\Database\BaseConnection->simpleQuery('
						INSERT INTO tbl_journal_details (
							`journal_id`,
							`account_code`,
							`account_name`,
							`debit_amount`,
							`credit_amount`,
							`description`,
							`cost_center`,
							`added_by`
						) VALUES (\'2\', \'1001\', \'CASH\', \'1000.00\', \'0.00\', \'TTEST\', \'TES\', \'ADMIN-KYLE\')
					')
 3 APPPATH\Models\JournalEntryModel.php(140): CodeIgniter\Database\BaseConnection->query('
						INSERT INTO tbl_journal_details (
							`journal_id`,
							`account_code`,
							`account_name`,
							`debit_amount`,
							`credit_amount`,
							`description`,
							`cost_center`,
							`added_by`
						) VALUES (?, ?, ?, ?, ?, ?, ?, ?)
					', [...])
 4 APPPATH\Controllers\JournalEntryController.php(28): App\Models\JournalEntryModel->journalentry_save()
 5 SYSTEMPATH\CodeIgniter.php(933): App\Controllers\JournalEntryController->index()
 6 SYSTEMPATH\CodeIgniter.php(507): CodeIgniter\CodeIgniter->runController(Object(App\Controllers\JournalEntryController))
 7 SYSTEMPATH\CodeIgniter.php(354): CodeIgniter\CodeIgniter->handleRequest(null, Object(Config\Cache), false)
 8 SYSTEMPATH\Boot.php(334): CodeIgniter\CodeIgniter->run()
 9 SYSTEMPATH\Boot.php(67): CodeIgniter\Boot::runCodeIgniter(Object(CodeIgniter\CodeIgniter))
10 FCPATH\index.php(56): CodeIgniter\Boot::bootWeb(Object(Config\Paths))
CRITICAL - 2026-03-27 21:02:03 --> [Caused by] mysqli_sql_exception: Unknown column 'added_by' in 'field list'
in SYSTEMPATH\Database\MySQLi\Connection.php on line 327.
 1 SYSTEMPATH\Database\MySQLi\Connection.php(327): mysqli->query('
						INSERT INTO tbl_journal_details (
							`journal_id`,
							`account_code`,
							`account_name`,
							`debit_amount`,
							`credit_amount`,
							`description`,
							`cost_center`,
							`added_by`
						) VALUES (\'2\', \'1001\', \'CASH\', \'1000.00\', \'0.00\', \'TTEST\', \'TES\', \'ADMIN-KYLE\')
					', 0)
 2 SYSTEMPATH\Database\BaseConnection.php(738): CodeIgniter\Database\MySQLi\Connection->execute('
						INSERT INTO tbl_journal_details (
							`journal_id`,
							`account_code`,
							`account_name`,
							`debit_amount`,
							`credit_amount`,
							`description`,
							`cost_center`,
							`added_by`
						) VALUES (\'2\', \'1001\', \'CASH\', \'1000.00\', \'0.00\', \'TTEST\', \'TES\', \'ADMIN-KYLE\')
					')
 3 SYSTEMPATH\Database\BaseConnection.php(652): CodeIgniter\Database\BaseConnection->simpleQuery('
						INSERT INTO tbl_journal_details (
							`journal_id`,
							`account_code`,
							`account_name`,
							`debit_amount`,
							`credit_amount`,
							`description`,
							`cost_center`,
							`added_by`
						) VALUES (\'2\', \'1001\', \'CASH\', \'1000.00\', \'0.00\', \'TTEST\', \'TES\', \'ADMIN-KYLE\')
					')
 4 APPPATH\Models\JournalEntryModel.php(140): CodeIgniter\Database\BaseConnection->query('
						INSERT INTO tbl_journal_details (
							`journal_id`,
							`account_code`,
							`account_name`,
							`debit_amount`,
							`credit_amount`,
							`description`,
							`cost_center`,
							`added_by`
						) VALUES (?, ?, ?, ?, ?, ?, ?, ?)
					', [...])
 5 APPPATH\Controllers\JournalEntryController.php(28): App\Models\JournalEntryModel->journalentry_save()
 6 SYSTEMPATH\CodeIgniter.php(933): App\Controllers\JournalEntryController->index()
 7 SYSTEMPATH\CodeIgniter.php(507): CodeIgniter\CodeIgniter->runController(Object(App\Controllers\JournalEntryController))
 8 SYSTEMPATH\CodeIgniter.php(354): CodeIgniter\CodeIgniter->handleRequest(null, Object(Config\Cache), false)
 9 SYSTEMPATH\Boot.php(334): CodeIgniter\CodeIgniter->run()
10 SYSTEMPATH\Boot.php(67): CodeIgniter\Boot::runCodeIgniter(Object(CodeIgniter\CodeIgniter))
11 FCPATH\index.php(56): CodeIgniter\Boot::bootWeb(Object(Config\Paths))
