ERROR - 2026-03-22 08:43:16 --> Error connecting to the database: mysqli_sql_exception: Unknown database 'slais' in C:\xampp\htdocs\sslais\system\Database\MySQLi\Connection.php:201
Stack trace:
#0 C:\xampp\htdocs\sslais\system\Database\MySQLi\Connection.php(201): mysqli->real_connect('localhost', 'root', Object(SensitiveParameterValue), 'slais', 3306, '', 0)
#1 C:\xampp\htdocs\sslais\system\Database\BaseConnection.php(421): CodeIgniter\Database\MySQLi\Connection->connect(false)
#2 C:\xampp\htdocs\sslais\system\Database\BaseConnection.php(620): CodeIgniter\Database\BaseConnection->initialize()
#3 C:\xampp\htdocs\sslais\app\Controllers\MyLogIn.php(56): CodeIgniter\Database\BaseConnection->query('select `usernam...')
#4 C:\xampp\htdocs\sslais\app\Controllers\MyLogIn.php(24): App\Controllers\MyLogIn->Verify_User('CDS-KYLE')
#5 C:\xampp\htdocs\sslais\system\CodeIgniter.php(933): App\Controllers\MyLogIn->auth()
#6 C:\xampp\htdocs\sslais\system\CodeIgniter.php(507): CodeIgniter\CodeIgniter->runController(Object(App\Controllers\MyLogIn))
#7 C:\xampp\htdocs\sslais\system\CodeIgniter.php(354): CodeIgniter\CodeIgniter->handleRequest(NULL, Object(Config\Cache), false)
#8 C:\xampp\htdocs\sslais\system\Boot.php(334): CodeIgniter\CodeIgniter->run()
#9 C:\xampp\htdocs\sslais\system\Boot.php(67): CodeIgniter\Boot::runCodeIgniter(Object(CodeIgniter\CodeIgniter))
#10 C:\xampp\htdocs\sslais\public\index.php(56): CodeIgniter\Boot::bootWeb(Object(Config\Paths))
#11 {main}

Next CodeIgniter\Database\Exceptions\DatabaseException: Unknown database 'slais' in C:\xampp\htdocs\sslais\system\Database\MySQLi\Connection.php:246
Stack trace:
#0 C:\xampp\htdocs\sslais\system\Database\BaseConnection.php(421): CodeIgniter\Database\MySQLi\Connection->connect(false)
#1 C:\xampp\htdocs\sslais\system\Database\BaseConnection.php(620): CodeIgniter\Database\BaseConnection->initialize()
#2 C:\xampp\htdocs\sslais\app\Controllers\MyLogIn.php(56): CodeIgniter\Database\BaseConnection->query('select `usernam...')
#3 C:\xampp\htdocs\sslais\app\Controllers\MyLogIn.php(24): App\Controllers\MyLogIn->Verify_User('CDS-KYLE')
#4 C:\xampp\htdocs\sslais\system\CodeIgniter.php(933): App\Controllers\MyLogIn->auth()
#5 C:\xampp\htdocs\sslais\system\CodeIgniter.php(507): CodeIgniter\CodeIgniter->runController(Object(App\Controllers\MyLogIn))
#6 C:\xampp\htdocs\sslais\system\CodeIgniter.php(354): CodeIgniter\CodeIgniter->handleRequest(NULL, Object(Config\Cache), false)
#7 C:\xampp\htdocs\sslais\system\Boot.php(334): CodeIgniter\CodeIgniter->run()
#8 C:\xampp\htdocs\sslais\system\Boot.php(67): CodeIgniter\Boot::runCodeIgniter(Object(CodeIgniter\CodeIgniter))
#9 C:\xampp\htdocs\sslais\public\index.php(56): CodeIgniter\Boot::bootWeb(Object(Config\Paths))
#10 {main}
CRITICAL - 2026-03-22 08:43:16 --> CodeIgniter\Database\Exceptions\DatabaseException: Unable to connect to the database.
Main connection [MySQLi]: Unknown database 'slais'
[Method: POST, Route: mylogin-auth]
in SYSTEMPATH\Database\BaseConnection.php on line 467.
 1 SYSTEMPATH\Database\BaseConnection.php(620): CodeIgniter\Database\BaseConnection->initialize()
 2 APPPATH\Controllers\MyLogIn.php(56): CodeIgniter\Database\BaseConnection->query('select `username`,`hash_password` FROM myua_user where username = \'CDS-KYLE\' limit 1 ')
 3 APPPATH\Controllers\MyLogIn.php(24): App\Controllers\MyLogIn->Verify_User('CDS-KYLE')
 4 SYSTEMPATH\CodeIgniter.php(933): App\Controllers\MyLogIn->auth()
 5 SYSTEMPATH\CodeIgniter.php(507): CodeIgniter\CodeIgniter->runController(Object(App\Controllers\MyLogIn))
 6 SYSTEMPATH\CodeIgniter.php(354): CodeIgniter\CodeIgniter->handleRequest(null, Object(Config\Cache), false)
 7 SYSTEMPATH\Boot.php(334): CodeIgniter\CodeIgniter->run()
 8 SYSTEMPATH\Boot.php(67): CodeIgniter\Boot::runCodeIgniter(Object(CodeIgniter\CodeIgniter))
 9 FCPATH\index.php(56): CodeIgniter\Boot::bootWeb(Object(Config\Paths))
ERROR - 2026-03-22 09:24:33 --> mysqli_sql_exception: Table 'sslais.tbl_user_access' doesn't exist in C:\xampp\htdocs\sslais\system\Database\MySQLi\Connection.php:327
Stack trace:
#0 C:\xampp\htdocs\sslais\system\Database\MySQLi\Connection.php(327): mysqli->query('\r\n             ...', 0)
#1 C:\xampp\htdocs\sslais\system\Database\BaseConnection.php(738): CodeIgniter\Database\MySQLi\Connection->execute('\r\n             ...')
#2 C:\xampp\htdocs\sslais\system\Database\BaseConnection.php(652): CodeIgniter\Database\BaseConnection->simpleQuery('\r\n             ...')
#3 C:\xampp\htdocs\sslais\app\Controllers\MembersManagementController.php(25): CodeIgniter\Database\BaseConnection->query('\r\n             ...')
#4 C:\xampp\htdocs\sslais\system\CodeIgniter.php(933): App\Controllers\MembersManagementController->index()
#5 C:\xampp\htdocs\sslais\system\CodeIgniter.php(507): CodeIgniter\CodeIgniter->runController(Object(App\Controllers\MembersManagementController))
#6 C:\xampp\htdocs\sslais\system\CodeIgniter.php(354): CodeIgniter\CodeIgniter->handleRequest(NULL, Object(Config\Cache), false)
#7 C:\xampp\htdocs\sslais\system\Boot.php(334): CodeIgniter\CodeIgniter->run()
#8 C:\xampp\htdocs\sslais\system\Boot.php(67): CodeIgniter\Boot::runCodeIgniter(Object(CodeIgniter\CodeIgniter))
#9 C:\xampp\htdocs\sslais\public\index.php(56): CodeIgniter\Boot::bootWeb(Object(Config\Paths))
#10 {main}
CRITICAL - 2026-03-22 09:24:33 --> CodeIgniter\Database\Exceptions\DatabaseException: Table 'sslais.tbl_user_access' doesn't exist
[Method: GET, Route: mymembers]
in SYSTEMPATH\Database\BaseConnection.php on line 692.
 1 APPPATH\Controllers\MembersManagementController.php(25): CodeIgniter\Database\BaseConnection->query('
                    SELECT `recid`FROM tbl_user_access WHERE `username` = \'ADMIN-KYLE\' AND `access_code` = \'4001\' AND `is_active` = \'1\'
                ')
 2 SYSTEMPATH\CodeIgniter.php(933): App\Controllers\MembersManagementController->index()
 3 SYSTEMPATH\CodeIgniter.php(507): CodeIgniter\CodeIgniter->runController(Object(App\Controllers\MembersManagementController))
 4 SYSTEMPATH\CodeIgniter.php(354): CodeIgniter\CodeIgniter->handleRequest(null, Object(Config\Cache), false)
 5 SYSTEMPATH\Boot.php(334): CodeIgniter\CodeIgniter->run()
 6 SYSTEMPATH\Boot.php(67): CodeIgniter\Boot::runCodeIgniter(Object(CodeIgniter\CodeIgniter))
 7 FCPATH\index.php(56): CodeIgniter\Boot::bootWeb(Object(Config\Paths))
CRITICAL - 2026-03-22 09:24:33 --> [Caused by] CodeIgniter\Database\Exceptions\DatabaseException: Table 'sslais.tbl_user_access' doesn't exist
in SYSTEMPATH\Database\MySQLi\Connection.php on line 332.
 1 SYSTEMPATH\Database\BaseConnection.php(738): CodeIgniter\Database\MySQLi\Connection->execute('
                    SELECT `recid`FROM tbl_user_access WHERE `username` = \'ADMIN-KYLE\' AND `access_code` = \'4001\' AND `is_active` = \'1\'
                ')
 2 SYSTEMPATH\Database\BaseConnection.php(652): CodeIgniter\Database\BaseConnection->simpleQuery('
                    SELECT `recid`FROM tbl_user_access WHERE `username` = \'ADMIN-KYLE\' AND `access_code` = \'4001\' AND `is_active` = \'1\'
                ')
 3 APPPATH\Controllers\MembersManagementController.php(25): CodeIgniter\Database\BaseConnection->query('
                    SELECT `recid`FROM tbl_user_access WHERE `username` = \'ADMIN-KYLE\' AND `access_code` = \'4001\' AND `is_active` = \'1\'
                ')
 4 SYSTEMPATH\CodeIgniter.php(933): App\Controllers\MembersManagementController->index()
 5 SYSTEMPATH\CodeIgniter.php(507): CodeIgniter\CodeIgniter->runController(Object(App\Controllers\MembersManagementController))
 6 SYSTEMPATH\CodeIgniter.php(354): CodeIgniter\CodeIgniter->handleRequest(null, Object(Config\Cache), false)
 7 SYSTEMPATH\Boot.php(334): CodeIgniter\CodeIgniter->run()
 8 SYSTEMPATH\Boot.php(67): CodeIgniter\Boot::runCodeIgniter(Object(CodeIgniter\CodeIgniter))
 9 FCPATH\index.php(56): CodeIgniter\Boot::bootWeb(Object(Config\Paths))
CRITICAL - 2026-03-22 09:24:33 --> [Caused by] mysqli_sql_exception: Table 'sslais.tbl_user_access' doesn't exist
in SYSTEMPATH\Database\MySQLi\Connection.php on line 327.
 1 SYSTEMPATH\Database\MySQLi\Connection.php(327): mysqli->query('
                    SELECT `recid`FROM tbl_user_access WHERE `username` = \'ADMIN-KYLE\' AND `access_code` = \'4001\' AND `is_active` = \'1\'
                ', 0)
 2 SYSTEMPATH\Database\BaseConnection.php(738): CodeIgniter\Database\MySQLi\Connection->execute('
                    SELECT `recid`FROM tbl_user_access WHERE `username` = \'ADMIN-KYLE\' AND `access_code` = \'4001\' AND `is_active` = \'1\'
                ')
 3 SYSTEMPATH\Database\BaseConnection.php(652): CodeIgniter\Database\BaseConnection->simpleQuery('
                    SELECT `recid`FROM tbl_user_access WHERE `username` = \'ADMIN-KYLE\' AND `access_code` = \'4001\' AND `is_active` = \'1\'
                ')
 4 APPPATH\Controllers\MembersManagementController.php(25): CodeIgniter\Database\BaseConnection->query('
                    SELECT `recid`FROM tbl_user_access WHERE `username` = \'ADMIN-KYLE\' AND `access_code` = \'4001\' AND `is_active` = \'1\'
                ')
 5 SYSTEMPATH\CodeIgniter.php(933): App\Controllers\MembersManagementController->index()
 6 SYSTEMPATH\CodeIgniter.php(507): CodeIgniter\CodeIgniter->runController(Object(App\Controllers\MembersManagementController))
 7 SYSTEMPATH\CodeIgniter.php(354): CodeIgniter\CodeIgniter->handleRequest(null, Object(Config\Cache), false)
 8 SYSTEMPATH\Boot.php(334): CodeIgniter\CodeIgniter->run()
 9 SYSTEMPATH\Boot.php(67): CodeIgniter\Boot::runCodeIgniter(Object(CodeIgniter\CodeIgniter))
10 FCPATH\index.php(56): CodeIgniter\Boot::bootWeb(Object(Config\Paths))
CRITICAL - 2026-03-22 09:40:19 --> ParseError: syntax error, unexpected token "break", expecting ";"
[Method: GET, Route: mymembers]
in APPPATH\Controllers\MembersManagementController.php on line 27.
 1 SYSTEMPATH\Autoloader\Autoloader.php(295): CodeIgniter\Autoloader\Autoloader->includeFile('C:\\xampp\\htdocs\\sslais\\app\\Controllers\\MembersManagementController.php')
 2 SYSTEMPATH\Autoloader\Autoloader.php(271): CodeIgniter\Autoloader\Autoloader->loadInNamespace('App\\Controllers\\MembersManagementController')
 3 [internal function]: CodeIgniter\Autoloader\Autoloader->loadClass('App\\Controllers\\MembersManagementController')
 4 SYSTEMPATH\CodeIgniter.php(885): class_exists('\\App\\Controllers\\MembersManagementController', true)
 5 SYSTEMPATH\CodeIgniter.php(494): CodeIgniter\CodeIgniter->startController()
 6 SYSTEMPATH\CodeIgniter.php(354): CodeIgniter\CodeIgniter->handleRequest(null, Object(Config\Cache), false)
 7 SYSTEMPATH\Boot.php(334): CodeIgniter\CodeIgniter->run()
 8 SYSTEMPATH\Boot.php(67): CodeIgniter\Boot::runCodeIgniter(Object(CodeIgniter\CodeIgniter))
 9 FCPATH\index.php(56): CodeIgniter\Boot::bootWeb(Object(Config\Paths))
CRITICAL - 2026-03-22 09:40:43 --> CodeIgniter\View\Exceptions\ViewException: Invalid file: "members-management/members-main.php"
[Method: GET, Route: mymembers]
in SYSTEMPATH\Exceptions\FrameworkException.php on line 39.
 1 SYSTEMPATH\View\View.php(212): CodeIgniter\Exceptions\FrameworkException::forInvalidFile('members-management/members-main.php')
 2 SYSTEMPATH\Common.php(1173): CodeIgniter\View\View->render('members-management/members-main', [], true)
 3 APPPATH\Controllers\MembersManagementController.php(26): view('members-management/members-main')
 4 SYSTEMPATH\CodeIgniter.php(933): App\Controllers\MembersManagementController->index()
 5 SYSTEMPATH\CodeIgniter.php(507): CodeIgniter\CodeIgniter->runController(Object(App\Controllers\MembersManagementController))
 6 SYSTEMPATH\CodeIgniter.php(354): CodeIgniter\CodeIgniter->handleRequest(null, Object(Config\Cache), false)
 7 SYSTEMPATH\Boot.php(334): CodeIgniter\CodeIgniter->run()
 8 SYSTEMPATH\Boot.php(67): CodeIgniter\Boot::runCodeIgniter(Object(CodeIgniter\CodeIgniter))
 9 FCPATH\index.php(56): CodeIgniter\Boot::bootWeb(Object(Config\Paths))
ERROR - 2026-03-22 09:59:19 --> mysqli_sql_exception: You have an error in your SQL syntax; check the manual that corresponds to your MariaDB server version for the right syntax to use near '?, ?, ?, ?, ?, ?, ?, ?)' at line 10 in C:\xampp\htdocs\sslais\system\Database\MySQLi\Connection.php:327
Stack trace:
#0 C:\xampp\htdocs\sslais\system\Database\MySQLi\Connection.php(327): mysqli->query('\r\n\t\t\t\tINSERT IN...', 0)
#1 C:\xampp\htdocs\sslais\system\Database\BaseConnection.php(738): CodeIgniter\Database\MySQLi\Connection->execute('\r\n\t\t\t\tINSERT IN...')
#2 C:\xampp\htdocs\sslais\system\Database\BaseConnection.php(652): CodeIgniter\Database\BaseConnection->simpleQuery('\r\n\t\t\t\tINSERT IN...')
#3 C:\xampp\htdocs\sslais\app\Models\MembersManagementModel.php(55): CodeIgniter\Database\BaseConnection->query('\r\n\t\t\t\tINSERT IN...', Array)
#4 C:\xampp\htdocs\sslais\app\Controllers\MembersManagementController.php(30): App\Models\MembersManagementModel->members_save()
#5 C:\xampp\htdocs\sslais\system\CodeIgniter.php(933): App\Controllers\MembersManagementController->index()
#6 C:\xampp\htdocs\sslais\system\CodeIgniter.php(507): CodeIgniter\CodeIgniter->runController(Object(App\Controllers\MembersManagementController))
#7 C:\xampp\htdocs\sslais\system\CodeIgniter.php(354): CodeIgniter\CodeIgniter->handleRequest(NULL, Object(Config\Cache), false)
#8 C:\xampp\htdocs\sslais\system\Boot.php(334): CodeIgniter\CodeIgniter->run()
#9 C:\xampp\htdocs\sslais\system\Boot.php(67): CodeIgniter\Boot::runCodeIgniter(Object(CodeIgniter\CodeIgniter))
#10 C:\xampp\htdocs\sslais\public\index.php(56): CodeIgniter\Boot::bootWeb(Object(Config\Paths))
#11 {main}
CRITICAL - 2026-03-22 09:59:19 --> CodeIgniter\Database\Exceptions\DatabaseException: You have an error in your SQL syntax; check the manual that corresponds to your MariaDB server version for the right syntax to use near '?, ?, ?, ?, ?, ?, ?, ?)' at line 10
[Method: POST, Route: mymembers]
in SYSTEMPATH\Database\BaseConnection.php on line 692.
 1 APPPATH\Models\MembersManagementModel.php(55): CodeIgniter\Database\BaseConnection->query('
				INSERT INTO `tbl_members` (
					`member_no`,
					`last_name`,
					`first_name`,
					`middle_name`,
					`contact_number`,
					`address`,
					`email`
				)
				VALUES (?, ?, ?, ?, ?, ?, ?, ?)
			', [...])
 2 APPPATH\Controllers\MembersManagementController.php(30): App\Models\MembersManagementModel->members_save()
 3 SYSTEMPATH\CodeIgniter.php(933): App\Controllers\MembersManagementController->index()
 4 SYSTEMPATH\CodeIgniter.php(507): CodeIgniter\CodeIgniter->runController(Object(App\Controllers\MembersManagementController))
 5 SYSTEMPATH\CodeIgniter.php(354): CodeIgniter\CodeIgniter->handleRequest(null, Object(Config\Cache), false)
 6 SYSTEMPATH\Boot.php(334): CodeIgniter\CodeIgniter->run()
 7 SYSTEMPATH\Boot.php(67): CodeIgniter\Boot::runCodeIgniter(Object(CodeIgniter\CodeIgniter))
 8 FCPATH\index.php(56): CodeIgniter\Boot::bootWeb(Object(Config\Paths))
CRITICAL - 2026-03-22 09:59:19 --> [Caused by] CodeIgniter\Database\Exceptions\DatabaseException: You have an error in your SQL syntax; check the manual that corresponds to your MariaDB server version for the right syntax to use near '?, ?, ?, ?, ?, ?, ?, ?)' at line 10
in SYSTEMPATH\Database\MySQLi\Connection.php on line 332.
 1 SYSTEMPATH\Database\BaseConnection.php(738): CodeIgniter\Database\MySQLi\Connection->execute('
				INSERT INTO `tbl_members` (
					`member_no`,
					`last_name`,
					`first_name`,
					`middle_name`,
					`contact_number`,
					`address`,
					`email`
				)
				VALUES (?, ?, ?, ?, ?, ?, ?, ?)
			')
 2 SYSTEMPATH\Database\BaseConnection.php(652): CodeIgniter\Database\BaseConnection->simpleQuery('
				INSERT INTO `tbl_members` (
					`member_no`,
					`last_name`,
					`first_name`,
					`middle_name`,
					`contact_number`,
					`address`,
					`email`
				)
				VALUES (?, ?, ?, ?, ?, ?, ?, ?)
			')
 3 APPPATH\Models\MembersManagementModel.php(55): CodeIgniter\Database\BaseConnection->query('
				INSERT INTO `tbl_members` (
					`member_no`,
					`last_name`,
					`first_name`,
					`middle_name`,
					`contact_number`,
					`address`,
					`email`
				)
				VALUES (?, ?, ?, ?, ?, ?, ?, ?)
			', [...])
 4 APPPATH\Controllers\MembersManagementController.php(30): App\Models\MembersManagementModel->members_save()
 5 SYSTEMPATH\CodeIgniter.php(933): App\Controllers\MembersManagementController->index()
 6 SYSTEMPATH\CodeIgniter.php(507): CodeIgniter\CodeIgniter->runController(Object(App\Controllers\MembersManagementController))
 7 SYSTEMPATH\CodeIgniter.php(354): CodeIgniter\CodeIgniter->handleRequest(null, Object(Config\Cache), false)
 8 SYSTEMPATH\Boot.php(334): CodeIgniter\CodeIgniter->run()
 9 SYSTEMPATH\Boot.php(67): CodeIgniter\Boot::runCodeIgniter(Object(CodeIgniter\CodeIgniter))
10 FCPATH\index.php(56): CodeIgniter\Boot::bootWeb(Object(Config\Paths))
CRITICAL - 2026-03-22 09:59:19 --> [Caused by] mysqli_sql_exception: You have an error in your SQL syntax; check the manual that corresponds to your MariaDB server version for the right syntax to use near '?, ?, ?, ?, ?, ?, ?, ?)' at line 10
in SYSTEMPATH\Database\MySQLi\Connection.php on line 327.
 1 SYSTEMPATH\Database\MySQLi\Connection.php(327): mysqli->query('
				INSERT INTO `tbl_members` (
					`member_no`,
					`last_name`,
					`first_name`,
					`middle_name`,
					`contact_number`,
					`address`,
					`email`
				)
				VALUES (?, ?, ?, ?, ?, ?, ?, ?)
			', 0)
 2 SYSTEMPATH\Database\BaseConnection.php(738): CodeIgniter\Database\MySQLi\Connection->execute('
				INSERT INTO `tbl_members` (
					`member_no`,
					`last_name`,
					`first_name`,
					`middle_name`,
					`contact_number`,
					`address`,
					`email`
				)
				VALUES (?, ?, ?, ?, ?, ?, ?, ?)
			')
 3 SYSTEMPATH\Database\BaseConnection.php(652): CodeIgniter\Database\BaseConnection->simpleQuery('
				INSERT INTO `tbl_members` (
					`member_no`,
					`last_name`,
					`first_name`,
					`middle_name`,
					`contact_number`,
					`address`,
					`email`
				)
				VALUES (?, ?, ?, ?, ?, ?, ?, ?)
			')
 4 APPPATH\Models\MembersManagementModel.php(55): CodeIgniter\Database\BaseConnection->query('
				INSERT INTO `tbl_members` (
					`member_no`,
					`last_name`,
					`first_name`,
					`middle_name`,
					`contact_number`,
					`address`,
					`email`
				)
				VALUES (?, ?, ?, ?, ?, ?, ?, ?)
			', [...])
 5 APPPATH\Controllers\MembersManagementController.php(30): App\Models\MembersManagementModel->members_save()
 6 SYSTEMPATH\CodeIgniter.php(933): App\Controllers\MembersManagementController->index()
 7 SYSTEMPATH\CodeIgniter.php(507): CodeIgniter\CodeIgniter->runController(Object(App\Controllers\MembersManagementController))
 8 SYSTEMPATH\CodeIgniter.php(354): CodeIgniter\CodeIgniter->handleRequest(null, Object(Config\Cache), false)
 9 SYSTEMPATH\Boot.php(334): CodeIgniter\CodeIgniter->run()
10 SYSTEMPATH\Boot.php(67): CodeIgniter\Boot::runCodeIgniter(Object(CodeIgniter\CodeIgniter))
11 FCPATH\index.php(56): CodeIgniter\Boot::bootWeb(Object(Config\Paths))
