CRITICAL - 2026-03-19 07:40:00 --> ErrorException: Trying to access array offset on value of type null
[Method: GET, Route: /]
in APPPATH\Views\templates\myheader.php on line 24.
 1 APPPATH\Views\templates\myheader.php(24): CodeIgniter\Debug\Exceptions->errorHandler(2, 'Trying to access array offset on value of type null', 'C:\\xampp\\htdocs\\sslais\\app\\Views\\templates\\myheader.php', 24)
 2 SYSTEMPATH\View\View.php(224): include('C:\\xampp\\htdocs\\sslais\\app\\Views\\templates\\myheader.php')
 3 SYSTEMPATH\View\View.php(227): CodeIgniter\View\View->CodeIgniter\View\{closure}()
 4 SYSTEMPATH\Common.php(1173): CodeIgniter\View\View->render('templates/myheader.php', [], true)
 5 APPPATH\Views\MyLogin.php(7): view('templates/myheader.php')
 6 SYSTEMPATH\View\View.php(224): include('C:\\xampp\\htdocs\\sslais\\app\\Views\\MyLogin.php')
 7 SYSTEMPATH\View\View.php(227): CodeIgniter\View\View->CodeIgniter\View\{closure}()
 8 SYSTEMPATH\Common.php(1173): CodeIgniter\View\View->render('MyLogin', [], true)
 9 APPPATH\Controllers\Home.php(16): view('MyLogin')
10 SYSTEMPATH\CodeIgniter.php(933): App\Controllers\Home->index()
11 SYSTEMPATH\CodeIgniter.php(507): CodeIgniter\CodeIgniter->runController(Object(App\Controllers\Home))
12 SYSTEMPATH\CodeIgniter.php(354): CodeIgniter\CodeIgniter->handleRequest(null, Object(Config\Cache), false)
13 SYSTEMPATH\Boot.php(334): CodeIgniter\CodeIgniter->run()
14 SYSTEMPATH\Boot.php(67): CodeIgniter\Boot::runCodeIgniter(Object(CodeIgniter\CodeIgniter))
15 FCPATH\index.php(56): CodeIgniter\Boot::bootWeb(Object(Config\Paths))
CRITICAL - 2026-03-19 07:40:08 --> ErrorException: Trying to access array offset on value of type null
[Method: GET, Route: /]
in APPPATH\Views\templates\myheader.php on line 24.
 1 APPPATH\Views\templates\myheader.php(24): CodeIgniter\Debug\Exceptions->errorHandler(2, 'Trying to access array offset on value of type null', 'C:\\xampp\\htdocs\\sslais\\app\\Views\\templates\\myheader.php', 24)
 2 SYSTEMPATH\View\View.php(224): include('C:\\xampp\\htdocs\\sslais\\app\\Views\\templates\\myheader.php')
 3 SYSTEMPATH\View\View.php(227): CodeIgniter\View\View->CodeIgniter\View\{closure}()
 4 SYSTEMPATH\Common.php(1173): CodeIgniter\View\View->render('templates/myheader.php', [], true)
 5 APPPATH\Views\MyLogin.php(7): view('templates/myheader.php')
 6 SYSTEMPATH\View\View.php(224): include('C:\\xampp\\htdocs\\sslais\\app\\Views\\MyLogin.php')
 7 SYSTEMPATH\View\View.php(227): CodeIgniter\View\View->CodeIgniter\View\{closure}()
 8 SYSTEMPATH\Common.php(1173): CodeIgniter\View\View->render('MyLogin', [], true)
 9 APPPATH\Controllers\Home.php(16): view('MyLogin')
10 SYSTEMPATH\CodeIgniter.php(933): App\Controllers\Home->index()
11 SYSTEMPATH\CodeIgniter.php(507): CodeIgniter\CodeIgniter->runController(Object(App\Controllers\Home))
12 SYSTEMPATH\CodeIgniter.php(354): CodeIgniter\CodeIgniter->handleRequest(null, Object(Config\Cache), false)
13 SYSTEMPATH\Boot.php(334): CodeIgniter\CodeIgniter->run()
14 SYSTEMPATH\Boot.php(67): CodeIgniter\Boot::runCodeIgniter(Object(CodeIgniter\CodeIgniter))
15 FCPATH\index.php(56): CodeIgniter\Boot::bootWeb(Object(Config\Paths))
CRITICAL - 2026-03-19 07:40:31 --> ErrorException: Trying to access array offset on value of type null
[Method: GET, Route: /]
in APPPATH\Views\templates\myheader.php on line 24.
 1 APPPATH\Views\templates\myheader.php(24): CodeIgniter\Debug\Exceptions->errorHandler(2, 'Trying to access array offset on value of type null', 'C:\\xampp\\htdocs\\sslais\\app\\Views\\templates\\myheader.php', 24)
 2 SYSTEMPATH\View\View.php(224): include('C:\\xampp\\htdocs\\sslais\\app\\Views\\templates\\myheader.php')
 3 SYSTEMPATH\View\View.php(227): CodeIgniter\View\View->CodeIgniter\View\{closure}()
 4 SYSTEMPATH\Common.php(1173): CodeIgniter\View\View->render('templates/myheader.php', [], true)
 5 APPPATH\Views\MyLogin.php(7): view('templates/myheader.php')
 6 SYSTEMPATH\View\View.php(224): include('C:\\xampp\\htdocs\\sslais\\app\\Views\\MyLogin.php')
 7 SYSTEMPATH\View\View.php(227): CodeIgniter\View\View->CodeIgniter\View\{closure}()
 8 SYSTEMPATH\Common.php(1173): CodeIgniter\View\View->render('MyLogin', [], true)
 9 APPPATH\Controllers\Home.php(16): view('MyLogin')
10 SYSTEMPATH\CodeIgniter.php(933): App\Controllers\Home->index()
11 SYSTEMPATH\CodeIgniter.php(507): CodeIgniter\CodeIgniter->runController(Object(App\Controllers\Home))
12 SYSTEMPATH\CodeIgniter.php(354): CodeIgniter\CodeIgniter->handleRequest(null, Object(Config\Cache), false)
13 SYSTEMPATH\Boot.php(334): CodeIgniter\CodeIgniter->run()
14 SYSTEMPATH\Boot.php(67): CodeIgniter\Boot::runCodeIgniter(Object(CodeIgniter\CodeIgniter))
15 FCPATH\index.php(56): CodeIgniter\Boot::bootWeb(Object(Config\Paths))
CRITICAL - 2026-03-19 07:53:08 --> ErrorException: Trying to access array offset on value of type null
[Method: GET, Route: /]
in APPPATH\Views\templates\myheader.php on line 24.
 1 APPPATH\Views\templates\myheader.php(24): CodeIgniter\Debug\Exceptions->errorHandler(2, 'Trying to access array offset on value of type null', 'C:\\xampp\\htdocs\\sslais\\app\\Views\\templates\\myheader.php', 24)
 2 SYSTEMPATH\View\View.php(224): include('C:\\xampp\\htdocs\\sslais\\app\\Views\\templates\\myheader.php')
 3 SYSTEMPATH\View\View.php(227): CodeIgniter\View\View->CodeIgniter\View\{closure}()
 4 SYSTEMPATH\Common.php(1173): CodeIgniter\View\View->render('templates/myheader.php', [], true)
 5 APPPATH\Views\MyLogin.php(7): view('templates/myheader.php')
 6 SYSTEMPATH\View\View.php(224): include('C:\\xampp\\htdocs\\sslais\\app\\Views\\MyLogin.php')
 7 SYSTEMPATH\View\View.php(227): CodeIgniter\View\View->CodeIgniter\View\{closure}()
 8 SYSTEMPATH\Common.php(1173): CodeIgniter\View\View->render('MyLogin', [], true)
 9 APPPATH\Controllers\Home.php(16): view('MyLogin')
10 SYSTEMPATH\CodeIgniter.php(933): App\Controllers\Home->index()
11 SYSTEMPATH\CodeIgniter.php(507): CodeIgniter\CodeIgniter->runController(Object(App\Controllers\Home))
12 SYSTEMPATH\CodeIgniter.php(354): CodeIgniter\CodeIgniter->handleRequest(null, Object(Config\Cache), false)
13 SYSTEMPATH\Boot.php(334): CodeIgniter\CodeIgniter->run()
14 SYSTEMPATH\Boot.php(67): CodeIgniter\Boot::runCodeIgniter(Object(CodeIgniter\CodeIgniter))
15 FCPATH\index.php(56): CodeIgniter\Boot::bootWeb(Object(Config\Paths))
CRITICAL - 2026-03-19 08:01:18 --> ErrorException: Trying to access array offset on value of type null
[Method: GET, Route: /]
in APPPATH\Views\templates\myheader.php on line 24.
 1 APPPATH\Views\templates\myheader.php(24): CodeIgniter\Debug\Exceptions->errorHandler(2, 'Trying to access array offset on value of type null', 'C:\\xampp\\htdocs\\sslais\\app\\Views\\templates\\myheader.php', 24)
 2 SYSTEMPATH\View\View.php(224): include('C:\\xampp\\htdocs\\sslais\\app\\Views\\templates\\myheader.php')
 3 SYSTEMPATH\View\View.php(227): CodeIgniter\View\View->CodeIgniter\View\{closure}()
 4 SYSTEMPATH\Common.php(1173): CodeIgniter\View\View->render('templates/myheader.php', [], true)
 5 APPPATH\Views\MyLogin.php(7): view('templates/myheader.php')
 6 SYSTEMPATH\View\View.php(224): include('C:\\xampp\\htdocs\\sslais\\app\\Views\\MyLogin.php')
 7 SYSTEMPATH\View\View.php(227): CodeIgniter\View\View->CodeIgniter\View\{closure}()
 8 SYSTEMPATH\Common.php(1173): CodeIgniter\View\View->render('MyLogin', [], true)
 9 APPPATH\Controllers\Home.php(16): view('MyLogin')
10 SYSTEMPATH\CodeIgniter.php(933): App\Controllers\Home->index()
11 SYSTEMPATH\CodeIgniter.php(507): CodeIgniter\CodeIgniter->runController(Object(App\Controllers\Home))
12 SYSTEMPATH\CodeIgniter.php(354): CodeIgniter\CodeIgniter->handleRequest(null, Object(Config\Cache), false)
13 SYSTEMPATH\Boot.php(334): CodeIgniter\CodeIgniter->run()
14 SYSTEMPATH\Boot.php(67): CodeIgniter\Boot::runCodeIgniter(Object(CodeIgniter\CodeIgniter))
15 FCPATH\index.php(56): CodeIgniter\Boot::bootWeb(Object(Config\Paths))
CRITICAL - 2026-03-19 08:01:19 --> ErrorException: Trying to access array offset on value of type null
[Method: GET, Route: /]
in APPPATH\Views\templates\myheader.php on line 24.
 1 APPPATH\Views\templates\myheader.php(24): CodeIgniter\Debug\Exceptions->errorHandler(2, 'Trying to access array offset on value of type null', 'C:\\xampp\\htdocs\\sslais\\app\\Views\\templates\\myheader.php', 24)
 2 SYSTEMPATH\View\View.php(224): include('C:\\xampp\\htdocs\\sslais\\app\\Views\\templates\\myheader.php')
 3 SYSTEMPATH\View\View.php(227): CodeIgniter\View\View->CodeIgniter\View\{closure}()
 4 SYSTEMPATH\Common.php(1173): CodeIgniter\View\View->render('templates/myheader.php', [], true)
 5 APPPATH\Views\MyLogin.php(7): view('templates/myheader.php')
 6 SYSTEMPATH\View\View.php(224): include('C:\\xampp\\htdocs\\sslais\\app\\Views\\MyLogin.php')
 7 SYSTEMPATH\View\View.php(227): CodeIgniter\View\View->CodeIgniter\View\{closure}()
 8 SYSTEMPATH\Common.php(1173): CodeIgniter\View\View->render('MyLogin', [], true)
 9 APPPATH\Controllers\Home.php(16): view('MyLogin')
10 SYSTEMPATH\CodeIgniter.php(933): App\Controllers\Home->index()
11 SYSTEMPATH\CodeIgniter.php(507): CodeIgniter\CodeIgniter->runController(Object(App\Controllers\Home))
12 SYSTEMPATH\CodeIgniter.php(354): CodeIgniter\CodeIgniter->handleRequest(null, Object(Config\Cache), false)
13 SYSTEMPATH\Boot.php(334): CodeIgniter\CodeIgniter->run()
14 SYSTEMPATH\Boot.php(67): CodeIgniter\Boot::runCodeIgniter(Object(CodeIgniter\CodeIgniter))
15 FCPATH\index.php(56): CodeIgniter\Boot::bootWeb(Object(Config\Paths))
CRITICAL - 2026-03-19 08:01:31 --> ErrorException: Trying to access array offset on value of type null
[Method: GET, Route: /]
in APPPATH\Views\templates\myheader.php on line 24.
 1 APPPATH\Views\templates\myheader.php(24): CodeIgniter\Debug\Exceptions->errorHandler(2, 'Trying to access array offset on value of type null', 'C:\\xampp\\htdocs\\sslais\\app\\Views\\templates\\myheader.php', 24)
 2 SYSTEMPATH\View\View.php(224): include('C:\\xampp\\htdocs\\sslais\\app\\Views\\templates\\myheader.php')
 3 SYSTEMPATH\View\View.php(227): CodeIgniter\View\View->CodeIgniter\View\{closure}()
 4 SYSTEMPATH\Common.php(1173): CodeIgniter\View\View->render('templates/myheader.php', [], true)
 5 APPPATH\Views\MyLogin.php(7): view('templates/myheader.php')
 6 SYSTEMPATH\View\View.php(224): include('C:\\xampp\\htdocs\\sslais\\app\\Views\\MyLogin.php')
 7 SYSTEMPATH\View\View.php(227): CodeIgniter\View\View->CodeIgniter\View\{closure}()
 8 SYSTEMPATH\Common.php(1173): CodeIgniter\View\View->render('MyLogin', [], true)
 9 APPPATH\Controllers\Home.php(16): view('MyLogin')
10 SYSTEMPATH\CodeIgniter.php(933): App\Controllers\Home->index()
11 SYSTEMPATH\CodeIgniter.php(507): CodeIgniter\CodeIgniter->runController(Object(App\Controllers\Home))
12 SYSTEMPATH\CodeIgniter.php(354): CodeIgniter\CodeIgniter->handleRequest(null, Object(Config\Cache), false)
13 SYSTEMPATH\Boot.php(334): CodeIgniter\CodeIgniter->run()
14 SYSTEMPATH\Boot.php(67): CodeIgniter\Boot::runCodeIgniter(Object(CodeIgniter\CodeIgniter))
15 FCPATH\index.php(56): CodeIgniter\Boot::bootWeb(Object(Config\Paths))
CRITICAL - 2026-03-19 08:01:32 --> ErrorException: Trying to access array offset on value of type null
[Method: GET, Route: /]
in APPPATH\Views\templates\myheader.php on line 24.
 1 APPPATH\Views\templates\myheader.php(24): CodeIgniter\Debug\Exceptions->errorHandler(2, 'Trying to access array offset on value of type null', 'C:\\xampp\\htdocs\\sslais\\app\\Views\\templates\\myheader.php', 24)
 2 SYSTEMPATH\View\View.php(224): include('C:\\xampp\\htdocs\\sslais\\app\\Views\\templates\\myheader.php')
 3 SYSTEMPATH\View\View.php(227): CodeIgniter\View\View->CodeIgniter\View\{closure}()
 4 SYSTEMPATH\Common.php(1173): CodeIgniter\View\View->render('templates/myheader.php', [], true)
 5 APPPATH\Views\MyLogin.php(7): view('templates/myheader.php')
 6 SYSTEMPATH\View\View.php(224): include('C:\\xampp\\htdocs\\sslais\\app\\Views\\MyLogin.php')
 7 SYSTEMPATH\View\View.php(227): CodeIgniter\View\View->CodeIgniter\View\{closure}()
 8 SYSTEMPATH\Common.php(1173): CodeIgniter\View\View->render('MyLogin', [], true)
 9 APPPATH\Controllers\Home.php(16): view('MyLogin')
10 SYSTEMPATH\CodeIgniter.php(933): App\Controllers\Home->index()
11 SYSTEMPATH\CodeIgniter.php(507): CodeIgniter\CodeIgniter->runController(Object(App\Controllers\Home))
12 SYSTEMPATH\CodeIgniter.php(354): CodeIgniter\CodeIgniter->handleRequest(null, Object(Config\Cache), false)
13 SYSTEMPATH\Boot.php(334): CodeIgniter\CodeIgniter->run()
14 SYSTEMPATH\Boot.php(67): CodeIgniter\Boot::runCodeIgniter(Object(CodeIgniter\CodeIgniter))
15 FCPATH\index.php(56): CodeIgniter\Boot::bootWeb(Object(Config\Paths))
ERROR - 2026-03-19 17:57:03 --> mysqli_sql_exception: You have an error in your SQL syntax; check the manual that corresponds to your MariaDB server version for the right syntax to use near '' limit 1' at line 1 in C:\xampp\htdocs\sslais\system\Database\MySQLi\Connection.php:327
Stack trace:
#0 C:\xampp\htdocs\sslais\system\Database\MySQLi\Connection.php(327): mysqli->query('select `usernam...', 0)
#1 C:\xampp\htdocs\sslais\system\Database\BaseConnection.php(738): CodeIgniter\Database\MySQLi\Connection->execute('select `usernam...')
#2 C:\xampp\htdocs\sslais\system\Database\BaseConnection.php(652): CodeIgniter\Database\BaseConnection->simpleQuery('select `usernam...')
#3 C:\xampp\htdocs\sslais\app\Controllers\MyLogIn.php(56): CodeIgniter\Database\BaseConnection->query('select `usernam...')
#4 C:\xampp\htdocs\sslais\app\Controllers\MyLogIn.php(24): App\Controllers\MyLogIn->Verify_User('ADMIN-KYLE'--')
#5 C:\xampp\htdocs\sslais\system\CodeIgniter.php(933): App\Controllers\MyLogIn->auth()
#6 C:\xampp\htdocs\sslais\system\CodeIgniter.php(507): CodeIgniter\CodeIgniter->runController(Object(App\Controllers\MyLogIn))
#7 C:\xampp\htdocs\sslais\system\CodeIgniter.php(354): CodeIgniter\CodeIgniter->handleRequest(NULL, Object(Config\Cache), false)
#8 C:\xampp\htdocs\sslais\system\Boot.php(334): CodeIgniter\CodeIgniter->run()
#9 C:\xampp\htdocs\sslais\system\Boot.php(67): CodeIgniter\Boot::runCodeIgniter(Object(CodeIgniter\CodeIgniter))
#10 C:\xampp\htdocs\sslais\public\index.php(56): CodeIgniter\Boot::bootWeb(Object(Config\Paths))
#11 {main}
CRITICAL - 2026-03-19 17:57:03 --> CodeIgniter\Database\Exceptions\DatabaseException: You have an error in your SQL syntax; check the manual that corresponds to your MariaDB server version for the right syntax to use near '' limit 1' at line 1
[Method: POST, Route: mylogin-auth]
in SYSTEMPATH\Database\BaseConnection.php on line 692.
 1 APPPATH\Controllers\MyLogIn.php(56): CodeIgniter\Database\BaseConnection->query('select `username`,`hash_password` FROM myua_user where username = \'ADMIN-KYLE\'--\' limit 1 ')
 2 APPPATH\Controllers\MyLogIn.php(24): App\Controllers\MyLogIn->Verify_User('ADMIN-KYLE\'--')
 3 SYSTEMPATH\CodeIgniter.php(933): App\Controllers\MyLogIn->auth()
 4 SYSTEMPATH\CodeIgniter.php(507): CodeIgniter\CodeIgniter->runController(Object(App\Controllers\MyLogIn))
 5 SYSTEMPATH\CodeIgniter.php(354): CodeIgniter\CodeIgniter->handleRequest(null, Object(Config\Cache), false)
 6 SYSTEMPATH\Boot.php(334): CodeIgniter\CodeIgniter->run()
 7 SYSTEMPATH\Boot.php(67): CodeIgniter\Boot::runCodeIgniter(Object(CodeIgniter\CodeIgniter))
 8 FCPATH\index.php(56): CodeIgniter\Boot::bootWeb(Object(Config\Paths))
CRITICAL - 2026-03-19 17:57:03 --> [Caused by] CodeIgniter\Database\Exceptions\DatabaseException: You have an error in your SQL syntax; check the manual that corresponds to your MariaDB server version for the right syntax to use near '' limit 1' at line 1
in SYSTEMPATH\Database\MySQLi\Connection.php on line 332.
 1 SYSTEMPATH\Database\BaseConnection.php(738): CodeIgniter\Database\MySQLi\Connection->execute('select `username`,`hash_password` FROM myua_user where username = \'ADMIN-KYLE\'--\' limit 1 ')
 2 SYSTEMPATH\Database\BaseConnection.php(652): CodeIgniter\Database\BaseConnection->simpleQuery('select `username`,`hash_password` FROM myua_user where username = \'ADMIN-KYLE\'--\' limit 1 ')
 3 APPPATH\Controllers\MyLogIn.php(56): CodeIgniter\Database\BaseConnection->query('select `username`,`hash_password` FROM myua_user where username = \'ADMIN-KYLE\'--\' limit 1 ')
 4 APPPATH\Controllers\MyLogIn.php(24): App\Controllers\MyLogIn->Verify_User('ADMIN-KYLE\'--')
 5 SYSTEMPATH\CodeIgniter.php(933): App\Controllers\MyLogIn->auth()
 6 SYSTEMPATH\CodeIgniter.php(507): CodeIgniter\CodeIgniter->runController(Object(App\Controllers\MyLogIn))
 7 SYSTEMPATH\CodeIgniter.php(354): CodeIgniter\CodeIgniter->handleRequest(null, Object(Config\Cache), false)
 8 SYSTEMPATH\Boot.php(334): CodeIgniter\CodeIgniter->run()
 9 SYSTEMPATH\Boot.php(67): CodeIgniter\Boot::runCodeIgniter(Object(CodeIgniter\CodeIgniter))
10 FCPATH\index.php(56): CodeIgniter\Boot::bootWeb(Object(Config\Paths))
CRITICAL - 2026-03-19 17:57:03 --> [Caused by] mysqli_sql_exception: You have an error in your SQL syntax; check the manual that corresponds to your MariaDB server version for the right syntax to use near '' limit 1' at line 1
in SYSTEMPATH\Database\MySQLi\Connection.php on line 327.
 1 SYSTEMPATH\Database\MySQLi\Connection.php(327): mysqli->query('select `username`,`hash_password` FROM myua_user where username = \'ADMIN-KYLE\'--\' limit 1 ', 0)
 2 SYSTEMPATH\Database\BaseConnection.php(738): CodeIgniter\Database\MySQLi\Connection->execute('select `username`,`hash_password` FROM myua_user where username = \'ADMIN-KYLE\'--\' limit 1 ')
 3 SYSTEMPATH\Database\BaseConnection.php(652): CodeIgniter\Database\BaseConnection->simpleQuery('select `username`,`hash_password` FROM myua_user where username = \'ADMIN-KYLE\'--\' limit 1 ')
 4 APPPATH\Controllers\MyLogIn.php(56): CodeIgniter\Database\BaseConnection->query('select `username`,`hash_password` FROM myua_user where username = \'ADMIN-KYLE\'--\' limit 1 ')
 5 APPPATH\Controllers\MyLogIn.php(24): App\Controllers\MyLogIn->Verify_User('ADMIN-KYLE\'--')
 6 SYSTEMPATH\CodeIgniter.php(933): App\Controllers\MyLogIn->auth()
 7 SYSTEMPATH\CodeIgniter.php(507): CodeIgniter\CodeIgniter->runController(Object(App\Controllers\MyLogIn))
 8 SYSTEMPATH\CodeIgniter.php(354): CodeIgniter\CodeIgniter->handleRequest(null, Object(Config\Cache), false)
 9 SYSTEMPATH\Boot.php(334): CodeIgniter\CodeIgniter->run()
10 SYSTEMPATH\Boot.php(67): CodeIgniter\Boot::runCodeIgniter(Object(CodeIgniter\CodeIgniter))
11 FCPATH\index.php(56): CodeIgniter\Boot::bootWeb(Object(Config\Paths))
ERROR - 2026-03-19 17:57:13 --> mysqli_sql_exception: You have an error in your SQL syntax; check the manual that corresponds to your MariaDB server version for the right syntax to use near '' limit 1' at line 1 in C:\xampp\htdocs\sslais\system\Database\MySQLi\Connection.php:327
Stack trace:
#0 C:\xampp\htdocs\sslais\system\Database\MySQLi\Connection.php(327): mysqli->query('select `usernam...', 0)
#1 C:\xampp\htdocs\sslais\system\Database\BaseConnection.php(738): CodeIgniter\Database\MySQLi\Connection->execute('select `usernam...')
#2 C:\xampp\htdocs\sslais\system\Database\BaseConnection.php(652): CodeIgniter\Database\BaseConnection->simpleQuery('select `usernam...')
#3 C:\xampp\htdocs\sslais\app\Controllers\MyLogIn.php(56): CodeIgniter\Database\BaseConnection->query('select `usernam...')
#4 C:\xampp\htdocs\sslais\app\Controllers\MyLogIn.php(24): App\Controllers\MyLogIn->Verify_User('ADMIN-KYLE'--')
#5 C:\xampp\htdocs\sslais\system\CodeIgniter.php(933): App\Controllers\MyLogIn->auth()
#6 C:\xampp\htdocs\sslais\system\CodeIgniter.php(507): CodeIgniter\CodeIgniter->runController(Object(App\Controllers\MyLogIn))
#7 C:\xampp\htdocs\sslais\system\CodeIgniter.php(354): CodeIgniter\CodeIgniter->handleRequest(NULL, Object(Config\Cache), false)
#8 C:\xampp\htdocs\sslais\system\Boot.php(334): CodeIgniter\CodeIgniter->run()
#9 C:\xampp\htdocs\sslais\system\Boot.php(67): CodeIgniter\Boot::runCodeIgniter(Object(CodeIgniter\CodeIgniter))
#10 C:\xampp\htdocs\sslais\public\index.php(56): CodeIgniter\Boot::bootWeb(Object(Config\Paths))
#11 {main}
CRITICAL - 2026-03-19 17:57:13 --> CodeIgniter\Database\Exceptions\DatabaseException: You have an error in your SQL syntax; check the manual that corresponds to your MariaDB server version for the right syntax to use near '' limit 1' at line 1
[Method: POST, Route: mylogin-auth]
in SYSTEMPATH\Database\BaseConnection.php on line 692.
 1 APPPATH\Controllers\MyLogIn.php(56): CodeIgniter\Database\BaseConnection->query('select `username`,`hash_password` FROM myua_user where username = \'ADMIN-KYLE\'--\' limit 1 ')
 2 APPPATH\Controllers\MyLogIn.php(24): App\Controllers\MyLogIn->Verify_User('ADMIN-KYLE\'--')
 3 SYSTEMPATH\CodeIgniter.php(933): App\Controllers\MyLogIn->auth()
 4 SYSTEMPATH\CodeIgniter.php(507): CodeIgniter\CodeIgniter->runController(Object(App\Controllers\MyLogIn))
 5 SYSTEMPATH\CodeIgniter.php(354): CodeIgniter\CodeIgniter->handleRequest(null, Object(Config\Cache), false)
 6 SYSTEMPATH\Boot.php(334): CodeIgniter\CodeIgniter->run()
 7 SYSTEMPATH\Boot.php(67): CodeIgniter\Boot::runCodeIgniter(Object(CodeIgniter\CodeIgniter))
 8 FCPATH\index.php(56): CodeIgniter\Boot::bootWeb(Object(Config\Paths))
CRITICAL - 2026-03-19 17:57:13 --> [Caused by] CodeIgniter\Database\Exceptions\DatabaseException: You have an error in your SQL syntax; check the manual that corresponds to your MariaDB server version for the right syntax to use near '' limit 1' at line 1
in SYSTEMPATH\Database\MySQLi\Connection.php on line 332.
 1 SYSTEMPATH\Database\BaseConnection.php(738): CodeIgniter\Database\MySQLi\Connection->execute('select `username`,`hash_password` FROM myua_user where username = \'ADMIN-KYLE\'--\' limit 1 ')
 2 SYSTEMPATH\Database\BaseConnection.php(652): CodeIgniter\Database\BaseConnection->simpleQuery('select `username`,`hash_password` FROM myua_user where username = \'ADMIN-KYLE\'--\' limit 1 ')
 3 APPPATH\Controllers\MyLogIn.php(56): CodeIgniter\Database\BaseConnection->query('select `username`,`hash_password` FROM myua_user where username = \'ADMIN-KYLE\'--\' limit 1 ')
 4 APPPATH\Controllers\MyLogIn.php(24): App\Controllers\MyLogIn->Verify_User('ADMIN-KYLE\'--')
 5 SYSTEMPATH\CodeIgniter.php(933): App\Controllers\MyLogIn->auth()
 6 SYSTEMPATH\CodeIgniter.php(507): CodeIgniter\CodeIgniter->runController(Object(App\Controllers\MyLogIn))
 7 SYSTEMPATH\CodeIgniter.php(354): CodeIgniter\CodeIgniter->handleRequest(null, Object(Config\Cache), false)
 8 SYSTEMPATH\Boot.php(334): CodeIgniter\CodeIgniter->run()
 9 SYSTEMPATH\Boot.php(67): CodeIgniter\Boot::runCodeIgniter(Object(CodeIgniter\CodeIgniter))
10 FCPATH\index.php(56): CodeIgniter\Boot::bootWeb(Object(Config\Paths))
CRITICAL - 2026-03-19 17:57:13 --> [Caused by] mysqli_sql_exception: You have an error in your SQL syntax; check the manual that corresponds to your MariaDB server version for the right syntax to use near '' limit 1' at line 1
in SYSTEMPATH\Database\MySQLi\Connection.php on line 327.
 1 SYSTEMPATH\Database\MySQLi\Connection.php(327): mysqli->query('select `username`,`hash_password` FROM myua_user where username = \'ADMIN-KYLE\'--\' limit 1 ', 0)
 2 SYSTEMPATH\Database\BaseConnection.php(738): CodeIgniter\Database\MySQLi\Connection->execute('select `username`,`hash_password` FROM myua_user where username = \'ADMIN-KYLE\'--\' limit 1 ')
 3 SYSTEMPATH\Database\BaseConnection.php(652): CodeIgniter\Database\BaseConnection->simpleQuery('select `username`,`hash_password` FROM myua_user where username = \'ADMIN-KYLE\'--\' limit 1 ')
 4 APPPATH\Controllers\MyLogIn.php(56): CodeIgniter\Database\BaseConnection->query('select `username`,`hash_password` FROM myua_user where username = \'ADMIN-KYLE\'--\' limit 1 ')
 5 APPPATH\Controllers\MyLogIn.php(24): App\Controllers\MyLogIn->Verify_User('ADMIN-KYLE\'--')
 6 SYSTEMPATH\CodeIgniter.php(933): App\Controllers\MyLogIn->auth()
 7 SYSTEMPATH\CodeIgniter.php(507): CodeIgniter\CodeIgniter->runController(Object(App\Controllers\MyLogIn))
 8 SYSTEMPATH\CodeIgniter.php(354): CodeIgniter\CodeIgniter->handleRequest(null, Object(Config\Cache), false)
 9 SYSTEMPATH\Boot.php(334): CodeIgniter\CodeIgniter->run()
10 SYSTEMPATH\Boot.php(67): CodeIgniter\Boot::runCodeIgniter(Object(CodeIgniter\CodeIgniter))
11 FCPATH\index.php(56): CodeIgniter\Boot::bootWeb(Object(Config\Paths))
